#
# There is insufficient memory for the Java Runtime Environment to continue.
# Native memory allocation (mmap) failed to map 268435456 bytes for G1 virtual space
# Possible reasons:
#   The system is out of physical RAM or swap space
#   The process is running with CompressedOops enabled, and the Java Heap may be blocking the growth of the native heap
# Possible solutions:
#   Reduce memory load on the system
#   Increase physical memory or swap space
#   Check if swap backing store is full
#   Decrease Java heap size (-Xmx/-Xms)
#   Decrease number of Java threads
#   Decrease Java thread stack sizes (-Xss)
#   Set larger code cache with -XX:ReservedCodeCacheSize=
#   JVM is running with Zero Based Compressed Oops mode in which the Java heap is
#     placed in the first 32GB address space. The Java Heap base address is the
#     maximum limit for the native heap growth. Please use -XX:HeapBaseMinAddress
#     to set the Java Heap base and to place the Java Heap above 32GB virtual address.
# This output file may be truncated or incomplete.
#
#  Out of Memory Error (os_windows.cpp:3469), pid=8148, tid=11880
#
# JRE version:  (17.0.1+12) (build )
# Java VM: Java HotSpot(TM) 64-Bit Server VM (17.0.1+12-LTS-39, mixed mode, tiered, compressed oops, compressed class ptrs, g1 gc, windows-amd64)
# No core dump will be written. Minidumps are not enabled by default on client versions of Windows
#

---------------  S U M M A R Y ------------

Command Line: -ea --add-opens=reggieplanner/com.it326=ALL-UNNAMED --add-modules=ALL-MODULE-PATH --patch-module=reggieplanner=C:\Users\josep\OneDrive\Documents\GitHub\Reggie-Planner\target\test-classes --add-reads=reggieplanner=ALL-UNNAMED -XX:+ShowCodeDetailsInExceptionMessages -Dfile.encoding=UTF-8 --module-path=c:\Users\josep\OneDrive\Documents\GitHub\Reggie-Planner\target\classes;c:\Users\josep\.m2\repository\org\jfxcore\javafx-fxml\15-ea+1\javafx-fxml-15-ea+1.jar;c:\Users\josep\.m2\repository\com\opencsv\opencsv\5.5.2\opencsv-5.5.2.jar;c:\Users\josep\.m2\repository\org\openjfx\javafx-controls\13\javafx-controls-13-win.jar;c:\Users\josep\.m2\repository\org\openjfx\javafx-graphics\13\javafx-graphics-13-win.jar;c:\Users\josep\.m2\repository\org\openjfx\javafx-base\13\javafx-base-13-win.jar org.eclipse.jdt.internal.junit.runner.RemoteTestRunner -version 3 -port 55185 -testLoaderClass org.eclipse.jdt.internal.junit4.runner.JUnit4TestLoader -loaderpluginname org.eclipse.jdt.junit4.runtime -test com.it326.MajorTest:testGetPath2

Host: Intel(R) Core(TM) i7-6700HQ CPU @ 2.60GHz, 8 cores, 15G,  Windows 10 , 64 bit Build 19041 (10.0.19041.1348)
Time: Sat Dec  4 19:10:20 2021 Central Standard Time elapsed time: 0.024916 seconds (0d 0h 0m 0s)

---------------  T H R E A D  ---------------

Current thread (0x0000025b372739d0):  JavaThread "Unknown thread" [_thread_in_vm, id=11880, stack(0x000000a8fa700000,0x000000a8fa800000)]

Stack: [0x000000a8fa700000,0x000000a8fa800000]
Native frames: (J=compiled Java code, j=interpreted, Vv=VM code, C=native code)
V  [jvm.dll+0x66fa1a]
V  [jvm.dll+0x7ce5a4]
V  [jvm.dll+0x7cfd4e]
V  [jvm.dll+0x7d03b3]
V  [jvm.dll+0x242b05]
V  [jvm.dll+0x66ca39]
V  [jvm.dll+0x661502]
V  [jvm.dll+0x30081b]
V  [jvm.dll+0x307da6]
V  [jvm.dll+0x357a1e]
V  [jvm.dll+0x357c4f]
V  [jvm.dll+0x2d7ad8]
V  [jvm.dll+0x2d8a44]
V  [jvm.dll+0x7a01e1]
V  [jvm.dll+0x365791]
V  [jvm.dll+0x77f6cc]
V  [jvm.dll+0x3e812f]
V  [jvm.dll+0x3e9bd1]
C  [jli.dll+0x527b]
C  [ucrtbase.dll+0x21bb2]
C  [KERNEL32.DLL+0x17034]
C  [ntdll.dll+0x52651]


---------------  P R O C E S S  ---------------

Threads class SMR info:
_java_thread_list=0x00007fff6fa17818, length=0, elements={
}

Java Threads: ( => current thread )

Other Threads:
  0x0000025b372c4d00 GCTaskThread "GC Thread#0" [stack: 0x000000a8fa800000,0x000000a8fa900000] [id=4276]
  0x0000025b372d5990 ConcurrentGCThread "G1 Main Marker" [stack: 0x000000a8fa900000,0x000000a8faa00000] [id=4832]
  0x0000025b372d6a50 ConcurrentGCThread "G1 Conc#0" [stack: 0x000000a8faa00000,0x000000a8fab00000] [id=10500]

[error occurred during error reporting (printing all threads), id 0xc0000005, EXCEPTION_ACCESS_VIOLATION (0xc0000005) at pc=0x00007fff6f2684b7]

VM state: not at safepoint (not fully initialized)

VM Mutex/Monitor currently owned by a thread:  ([mutex/lock_event])
[0x0000025b37271740] Heap_lock - owner thread: 0x0000025b372739d0

Heap address: 0x00000006c1c00000, size: 4068 MB, Compressed Oops mode: Zero based, Oop shift amount: 3

CDS archive(s) not mapped
Narrow klass base: 0x0000000000000000, Narrow klass shift: 0, Narrow klass range: 0x0

GC Precious Log:
<Empty>

Heap:
 garbage-first heap   total 0K, used 0K [0x00000006c1c00000, 0x00000007c0000000)
  region size 2048K, 0 young (0K), 0 survivors (0K)

[error occurred during error reporting (printing heap information), id 0xc0000005, EXCEPTION_ACCESS_VIOLATION (0xc0000005) at pc=0x00007fff6f648d89]

GC Heap History (0 events):
No events

Deoptimization events (0 events):
No events

Classes unloaded (0 events):
No events

Classes redefined (0 events):
No events

Internal exceptions (0 events):
No events

VM Operations (0 events):
No events

Events (1 events):
Event: 0.016 Loaded shared library C:\Program Files\Java\jdk-17.0.1\bin\java.dll


Dynamic libraries:
0x00007ff78fc20000 - 0x00007ff78fc30000 	C:\Program Files\Java\jdk-17.0.1\bin\java.exe
0x00007fffe3690000 - 0x00007fffe3885000 	C:\WINDOWS\SYSTEM32\ntdll.dll
0x00007fffe1ec0000 - 0x00007fffe1f7e000 	C:\WINDOWS\System32\KERNEL32.DLL
0x00007fffe0ee0000 - 0x00007fffe11a8000 	C:\WINDOWS\System32\KERNELBASE.dll
0x00007fffe1420000 - 0x00007fffe1520000 	C:\WINDOWS\System32\ucrtbase.dll
0x00007fffdb8b0000 - 0x00007fffdb8ca000 	C:\Program Files\Java\jdk-17.0.1\bin\VCRUNTIME140.dll
0x00007fffdb3d0000 - 0x00007fffdb3e8000 	C:\Program Files\Java\jdk-17.0.1\bin\jli.dll
0x00007fffe3310000 - 0x00007fffe33bc000 	C:\WINDOWS\System32\ADVAPI32.dll
0x00007fffe3270000 - 0x00007fffe330e000 	C:\WINDOWS\System32\msvcrt.dll
0x00007fffe16e0000 - 0x00007fffe177b000 	C:\WINDOWS\System32\sechost.dll
0x00007fffe25e0000 - 0x00007fffe270a000 	C:\WINDOWS\System32\RPCRT4.dll
0x00007fffe22b0000 - 0x00007fffe2451000 	C:\WINDOWS\System32\USER32.dll
0x00007fffd63e0000 - 0x00007fffd667a000 	C:\WINDOWS\WinSxS\amd64_microsoft.windows.common-controls_6595b64144ccf1df_6.0.19041.1110_none_60b5254171f9507e\COMCTL32.dll
0x00007fffe0eb0000 - 0x00007fffe0ed2000 	C:\WINDOWS\System32\win32u.dll
0x00007fffe2c70000 - 0x00007fffe2c9b000 	C:\WINDOWS\System32\GDI32.dll
0x00007fffe11b0000 - 0x00007fffe12bb000 	C:\WINDOWS\System32\gdi32full.dll
0x00007fffe0db0000 - 0x00007fffe0e4d000 	C:\WINDOWS\System32\msvcp_win.dll
0x00007fffd9ce0000 - 0x00007fffd9cea000 	C:\WINDOWS\SYSTEM32\VERSION.dll
0x00007fffe21b0000 - 0x00007fffe21e0000 	C:\WINDOWS\System32\IMM32.DLL
0x00007fffdb3b0000 - 0x00007fffdb3bc000 	C:\Program Files\Java\jdk-17.0.1\bin\vcruntime140_1.dll
0x00007fffaa820000 - 0x00007fffaa8ad000 	C:\Program Files\Java\jdk-17.0.1\bin\msvcp140.dll
0x00007fff6ef80000 - 0x00007fff6fb3e000 	C:\Program Files\Java\jdk-17.0.1\bin\server\jvm.dll
0x00007fffe25d0000 - 0x00007fffe25d8000 	C:\WINDOWS\System32\PSAPI.DLL
0x00007fffdb2f0000 - 0x00007fffdb2f9000 	C:\WINDOWS\SYSTEM32\WSOCK32.dll
0x00007fffd63a0000 - 0x00007fffd63c7000 	C:\WINDOWS\SYSTEM32\WINMM.dll
0x00007fffe21e0000 - 0x00007fffe224b000 	C:\WINDOWS\System32\WS2_32.dll
0x00007fffdf630000 - 0x00007fffdf642000 	C:\WINDOWS\SYSTEM32\kernel.appcore.dll
0x00007fffdb230000 - 0x00007fffdb23a000 	C:\Program Files\Java\jdk-17.0.1\bin\jimage.dll
0x00007fffc9270000 - 0x00007fffc9454000 	C:\WINDOWS\SYSTEM32\DBGHELP.DLL
0x00007fffc94f0000 - 0x00007fffc951c000 	C:\WINDOWS\SYSTEM32\dbgcore.DLL
0x00007fffe15d0000 - 0x00007fffe1653000 	C:\WINDOWS\System32\bcryptPrimitives.dll
0x00007fffc24f0000 - 0x00007fffc2515000 	C:\Program Files\Java\jdk-17.0.1\bin\java.dll

dbghelp: loaded successfully - version: 4.0.5 - missing functions: none
symbol engine: initialized successfully - sym options: 0x614 - pdb path: .;C:\Program Files\Java\jdk-17.0.1\bin;C:\WINDOWS\SYSTEM32;C:\WINDOWS\WinSxS\amd64_microsoft.windows.common-controls_6595b64144ccf1df_6.0.19041.1110_none_60b5254171f9507e;C:\Program Files\Java\jdk-17.0.1\bin\server

VM Arguments:
jvm_args: -ea --add-opens=reggieplanner/com.it326=ALL-UNNAMED --add-modules=ALL-MODULE-PATH --patch-module=reggieplanner=C:\Users\josep\OneDrive\Documents\GitHub\Reggie-Planner\target\test-classes --add-reads=reggieplanner=ALL-UNNAMED -XX:+ShowCodeDetailsInExceptionMessages -Dfile.encoding=UTF-8 --module-path=c:\Users\josep\OneDrive\Documents\GitHub\Reggie-Planner\target\classes;c:\Users\josep\.m2\repository\org\jfxcore\javafx-fxml\15-ea+1\javafx-fxml-15-ea+1.jar;c:\Users\josep\.m2\repository\com\opencsv\opencsv\5.5.2\opencsv-5.5.2.jar;c:\Users\josep\.m2\repository\org\openjfx\javafx-controls\13\javafx-controls-13-win.jar;c:\Users\josep\.m2\repository\org\openjfx\javafx-graphics\13\javafx-graphics-13-win.jar;c:\Users\josep\.m2\repository\org\openjfx\javafx-base\13\javafx-base-13-win.jar 
java_command: org.eclipse.jdt.internal.junit.runner.RemoteTestRunner -version 3 -port 55185 -testLoaderClass org.eclipse.jdt.internal.junit4.runner.JUnit4TestLoader -loaderpluginname org.eclipse.jdt.junit4.runtime -test com.it326.MajorTest:testGetPath2
java_class_path (initial): c:\Users\josep\.m2\repository\org\jfxcore\javafx-controls\15-ea+1\javafx-controls-15-ea+1.jar;c:\Users\josep\.m2\repository\org\jfxcore\javafx-graphics\15-ea+1\javafx-graphics-15-ea+1.jar;c:\Users\josep\.m2\repository\org\jfxcore\javafx-graphics\15-ea+1\javafx-graphics-15-ea+1-win.jar;c:\Users\josep\.m2\repository\org\jfxcore\javafx-base\15-ea+1\javafx-base-15-ea+1.jar;c:\Users\josep\.m2\repository\org\junit\platform\junit-platform-console-standalone\1.7.0-M1\junit-platform-console-standalone-1.7.0-M1.jar;c:\Users\josep\.m2\repository\org\apache\commons\commons-lang3\3.11\commons-lang3-3.11.jar;c:\Users\josep\.m2\repository\org\apache\commons\commons-text\1.9\commons-text-1.9.jar;c:\Users\josep\.m2\repository\commons-beanutils\commons-beanutils\1.9.4\commons-beanutils-1.9.4.jar;c:\Users\josep\.m2\repository\commons-logging\commons-logging\1.2\commons-logging-1.2.jar;c:\Users\josep\.m2\repository\commons-collections\commons-collections\3.2.2\commons-collections-3.2.2.jar;c:\Users\josep\.m2\repository\org\apache\commons\commons-collections4\4.4\commons-collections4-4.4.jar;c:\Users\josep\.m2\repository\org\openjfx\javafx-controls\13\javafx-controls-13.jar;c:\Users\josep\.m2\repository\org\openjfx\javafx-graphics\13\javafx-graphics-13.jar;c:\Users\josep\.m2\repository\org\openjfx\javafx-base\13\javafx-base-13.jar;c:\Users\josep\.m2\repository\org\junit\jupiter\junit-jupiter-engine\5.2.0\junit-jupiter-engine-5.2.0.jar;c:\Users\josep\.m2\repository\org\apiguardian\apiguardian-api\1.0.0\apiguardian-api-1.0.0.jar;c:\Users\josep\.m2\repository\org\junit\platform\junit-platform-engine\1.2.0\junit-platform-engine-1.2.0.jar;c:\Users\josep\.m2\repository\org\junit\platform\junit-platform-commons\1.2.0\junit-platform-commons-1.2.0.jar;c:\Users\josep\.m2\repository\org\opentest4j\opentest4j\1.1.0\opentest4j-1.1.0.jar;c:\Users\josep\.m2\repository\org\junit\jupiter\junit-jupiter-api\5.2.0\junit-jupiter-api-5.2.0.jar;c:\Users\josep\.m2\repository\org\ju
Launcher Type: SUN_STANDARD

[Global flags]
     intx CICompilerCount                          = 4                                         {product} {ergonomic}
     uint ConcGCThreads                            = 2                                         {product} {ergonomic}
     uint G1ConcRefinementThreads                  = 8                                         {product} {ergonomic}
   size_t G1HeapRegionSize                         = 2097152                                   {product} {ergonomic}
    uintx GCDrainStackTargetSize                   = 64                                        {product} {ergonomic}
   size_t InitialHeapSize                          = 268435456                                 {product} {ergonomic}
   size_t MarkStackSize                            = 4194304                                   {product} {ergonomic}
   size_t MaxHeapSize                              = 4265607168                                {product} {ergonomic}
   size_t MinHeapDeltaBytes                        = 2097152                                   {product} {ergonomic}
   size_t MinHeapSize                              = 8388608                                   {product} {ergonomic}
    uintx NonNMethodCodeHeapSize                   = 5839372                                {pd product} {ergonomic}
    uintx NonProfiledCodeHeapSize                  = 122909434                              {pd product} {ergonomic}
    uintx ProfiledCodeHeapSize                     = 122909434                              {pd product} {ergonomic}
    uintx ReservedCodeCacheSize                    = 251658240                              {pd product} {ergonomic}
     bool SegmentedCodeCache                       = true                                      {product} {ergonomic}
     bool ShowCodeDetailsInExceptionMessages       = true                                   {manageable} {command line}
   size_t SoftMaxHeapSize                          = 4265607168                             {manageable} {ergonomic}
     bool UseCompressedClassPointers               = true                           {product lp64_product} {ergonomic}
     bool UseCompressedOops                        = true                           {product lp64_product} {ergonomic}
     bool UseG1GC                                  = true                                      {product} {ergonomic}
     bool UseLargePagesIndividualAllocation        = false                                  {pd product} {ergonomic}

Logging:
Log output configuration:
 #0: stdout all=warning uptime,level,tags
 #1: stderr all=off uptime,level,tags

Environment Variables:
JAVA_HOME=C:\Program Files\Java\jdk-17.0.1
PATH=C:\Program Files\Common Files\Oracle\Java\javapath;C:\WINDOWS\system32;C:\WINDOWS;C:\WINDOWS\System32\Wbem;C:\WINDOWS\System32\WindowsPowerShell\v1.0\;C:\WINDOWS\System32\OpenSSH\;C:\Users\josep\AppData\Local\Microsoft\WindowsApps;C:\Users\josep\AppData\Local\Programs\Microsoft VS Code\bin;C:\msys64\mingw64\bin;C:\Users\josep\AppData\Local\GitHubDesktop\bin;C:\ProgramData\josep\GitHubDesktop\bin;"C:\kotlin"\bin;C:\Program Files\Java\jdk-17.0.1\bin;
USERNAME=josep
OS=Windows_NT
PROCESSOR_IDENTIFIER=Intel64 Family 6 Model 94 Stepping 3, GenuineIntel



---------------  S Y S T E M  ---------------

OS:
 Windows 10 , 64 bit Build 19041 (10.0.19041.1348)
OS uptime: 3 days 3:01 hours

CPU: total 8 (initial active 8) (4 cores per cpu, 2 threads per core) family 6 model 94 stepping 3 microcode 0xcc, cx8, cmov, fxsr, ht, mmx, 3dnowpref, sse, sse2, sse3, ssse3, sse4.1, sse4.2, popcnt, lzcnt, tsc, tscinvbit, avx, avx2, aes, erms, clmul, bmi1, bmi2, rtm, adx, fma, vzeroupper, clflush, clflushopt

Memory: 4k page, system-wide physical 16269M (2979M free)
TotalPageFile size 25836M (AvailPageFile size 227M)
current process WorkingSet (physical memory assigned to process): 10M, peak: 10M
current process commit charge ("private bytes"): 60M, peak: 316M

vm_info: Java HotSpot(TM) 64-Bit Server VM (17.0.1+12-LTS-39) for windows-amd64 JRE (17.0.1+12-LTS-39), built on Sep 27 2021 18:41:35 by "mach5one" with MS VC++ 16.8 (VS2019)

END.
